mode: count
github.com/fractalplatform/fractal/sdk/api_ft.go:31.71,35.2 3 4
github.com/fractalplatform/fractal/sdk/api_ft.go:38.78,42.2 3 6
github.com/fractalplatform/fractal/sdk/api_ft.go:45.95,49.2 3 1
github.com/fractalplatform/fractal/sdk/api_ft.go:52.93,56.2 3 1
github.com/fractalplatform/fractal/sdk/api_ft.go:59.87,63.2 3 0
github.com/fractalplatform/fractal/sdk/api_ft.go:66.90,70.2 3 10
github.com/fractalplatform/fractal/sdk/api_ft.go:73.46,77.2 3 1
github.com/fractalplatform/fractal/sdk/api_ft.go:80.63,84.2 3 2
github.com/fractalplatform/fractal/sdk/utils.go:32.67,36.33 4 3
github.com/fractalplatform/fractal/sdk/utils.go:40.2,40.22 1 3
github.com/fractalplatform/fractal/sdk/utils.go:36.33,39.3 2 24
github.com/fractalplatform/fractal/sdk/utils.go:44.38,47.2 2 1
github.com/fractalplatform/fractal/sdk/account.go:55.138,66.2 1 4
github.com/fractalplatform/fractal/sdk/account.go:69.44,71.2 1 1
github.com/fractalplatform/fractal/sdk/account.go:78.165,80.29 2 2
github.com/fractalplatform/fractal/sdk/account.go:86.2,91.16 6 2
github.com/fractalplatform/fractal/sdk/account.go:94.2,98.13 4 2
github.com/fractalplatform/fractal/sdk/account.go:105.2,106.16 2 2
github.com/fractalplatform/fractal/sdk/account.go:109.2,109.13 1 1
github.com/fractalplatform/fractal/sdk/account.go:121.2,121.33 1 0
github.com/fractalplatform/fractal/sdk/account.go:124.2,124.8 1 0
github.com/fractalplatform/fractal/sdk/account.go:80.29,82.17 2 2
github.com/fractalplatform/fractal/sdk/account.go:82.17,84.4 1 0
github.com/fractalplatform/fractal/sdk/account.go:91.16,93.3 1 0
github.com/fractalplatform/fractal/sdk/account.go:98.13,101.17 2 2
github.com/fractalplatform/fractal/sdk/account.go:101.17,103.4 1 0
github.com/fractalplatform/fractal/sdk/account.go:106.16,108.3 1 1
github.com/fractalplatform/fractal/sdk/account.go:109.13,112.17 2 1
github.com/fractalplatform/fractal/sdk/account.go:115.3,116.17 2 0
github.com/fractalplatform/fractal/sdk/account.go:112.17,114.4 1 1
github.com/fractalplatform/fractal/sdk/account.go:116.17,118.4 1 0
github.com/fractalplatform/fractal/sdk/account.go:121.33,123.3 1 0
github.com/fractalplatform/fractal/sdk/account.go:128.165,130.29 2 1
github.com/fractalplatform/fractal/sdk/account.go:137.2,142.16 6 0
github.com/fractalplatform/fractal/sdk/account.go:145.2,148.13 4 0
github.com/fractalplatform/fractal/sdk/account.go:155.2,156.16 2 0
github.com/fractalplatform/fractal/sdk/account.go:159.2,159.13 1 0
github.com/fractalplatform/fractal/sdk/account.go:171.2,171.33 1 0
github.com/fractalplatform/fractal/sdk/account.go:174.2,174.8 1 0
github.com/fractalplatform/fractal/sdk/account.go:130.29,132.17 2 1
github.com/fractalplatform/fractal/sdk/account.go:132.17,134.4 1 1
github.com/fractalplatform/fractal/sdk/account.go:142.16,144.3 1 0
github.com/fractalplatform/fractal/sdk/account.go:148.13,151.17 2 0
github.com/fractalplatform/fractal/sdk/account.go:151.17,153.4 1 0
github.com/fractalplatform/fractal/sdk/account.go:156.16,158.3 1 0
github.com/fractalplatform/fractal/sdk/account.go:159.13,162.17 2 0
github.com/fractalplatform/fractal/sdk/account.go:165.3,166.17 2 0
github.com/fractalplatform/fractal/sdk/account.go:162.17,164.4 1 0
github.com/fractalplatform/fractal/sdk/account.go:166.17,168.4 1 0
github.com/fractalplatform/fractal/sdk/account.go:171.33,173.3 1 0
github.com/fractalplatform/fractal/sdk/account.go:178.171,180.29 2 1
github.com/fractalplatform/fractal/sdk/account.go:187.2,192.16 6 0
github.com/fractalplatform/fractal/sdk/account.go:195.2,198.13 4 0
github.com/fractalplatform/fractal/sdk/account.go:205.2,206.16 2 0
github.com/fractalplatform/fractal/sdk/account.go:209.2,209.13 1 0
github.com/fractalplatform/fractal/sdk/account.go:221.2,221.33 1 0
github.com/fractalplatform/fractal/sdk/account.go:224.2,224.8 1 0
github.com/fractalplatform/fractal/sdk/account.go:180.29,182.17 2 1
github.com/fractalplatform/fractal/sdk/account.go:182.17,184.4 1 1
github.com/fractalplatform/fractal/sdk/account.go:192.16,194.3 1 0
github.com/fractalplatform/fractal/sdk/account.go:198.13,201.17 2 0
github.com/fractalplatform/fractal/sdk/account.go:201.17,203.4 1 0
github.com/fractalplatform/fractal/sdk/account.go:206.16,208.3 1 0
github.com/fractalplatform/fractal/sdk/account.go:209.13,212.17 2 0
github.com/fractalplatform/fractal/sdk/account.go:215.3,216.17 2 0
github.com/fractalplatform/fractal/sdk/account.go:212.17,214.4 1 0
github.com/fractalplatform/fractal/sdk/account.go:216.17,218.4 1 0
github.com/fractalplatform/fractal/sdk/account.go:221.33,223.3 1 0
github.com/fractalplatform/fractal/sdk/account.go:228.115,230.29 2 1
github.com/fractalplatform/fractal/sdk/account.go:238.2,242.16 5 1
github.com/fractalplatform/fractal/sdk/account.go:245.2,248.13 4 1
github.com/fractalplatform/fractal/sdk/account.go:255.2,256.16 2 1
github.com/fractalplatform/fractal/sdk/account.go:259.2,259.13 1 0
github.com/fractalplatform/fractal/sdk/account.go:271.2,271.33 1 0
github.com/fractalplatform/fractal/sdk/account.go:274.2,274.8 1 0
github.com/fractalplatform/fractal/sdk/account.go:230.29,232.17 2 1
github.com/fractalplatform/fractal/sdk/account.go:232.17,234.4 1 0
github.com/fractalplatform/fractal/sdk/account.go:242.16,244.3 1 0
github.com/fractalplatform/fractal/sdk/account.go:248.13,251.17 2 1
github.com/fractalplatform/fractal/sdk/account.go:251.17,253.4 1 0
github.com/fractalplatform/fractal/sdk/account.go:256.16,258.3 1 1
github.com/fractalplatform/fractal/sdk/account.go:259.13,262.17 2 0
github.com/fractalplatform/fractal/sdk/account.go:265.3,266.17 2 0
github.com/fractalplatform/fractal/sdk/account.go:262.17,264.4 1 0
github.com/fractalplatform/fractal/sdk/account.go:266.17,268.4 1 0
github.com/fractalplatform/fractal/sdk/account.go:271.33,273.3 1 0
github.com/fractalplatform/fractal/sdk/account.go:278.151,280.29 2 1
github.com/fractalplatform/fractal/sdk/account.go:287.2,292.16 6 1
github.com/fractalplatform/fractal/sdk/account.go:295.2,298.13 4 1
github.com/fractalplatform/fractal/sdk/account.go:305.2,306.16 2 1
github.com/fractalplatform/fractal/sdk/account.go:309.2,309.13 1 0
github.com/fractalplatform/fractal/sdk/account.go:320.2,320.16 1 0
github.com/fractalplatform/fractal/sdk/account.go:324.2,324.33 1 0
github.com/fractalplatform/fractal/sdk/account.go:327.2,327.8 1 0
github.com/fractalplatform/fractal/sdk/account.go:280.29,282.17 2 1
github.com/fractalplatform/fractal/sdk/account.go:282.17,284.4 1 0
github.com/fractalplatform/fractal/sdk/account.go:292.16,294.3 1 0
github.com/fractalplatform/fractal/sdk/account.go:298.13,301.17 2 1
github.com/fractalplatform/fractal/sdk/account.go:301.17,303.4 1 0
github.com/fractalplatform/fractal/sdk/account.go:306.16,308.3 1 1
github.com/fractalplatform/fractal/sdk/account.go:309.13,312.17 2 0
github.com/fractalplatform/fractal/sdk/account.go:315.3,316.17 2 0
github.com/fractalplatform/fractal/sdk/account.go:312.17,314.4 1 0
github.com/fractalplatform/fractal/sdk/account.go:316.17,318.4 1 0
github.com/fractalplatform/fractal/sdk/account.go:320.16,322.3 1 0
github.com/fractalplatform/fractal/sdk/account.go:324.33,326.3 1 0
github.com/fractalplatform/fractal/sdk/account.go:331.153,333.29 2 0
github.com/fractalplatform/fractal/sdk/account.go:340.2,346.16 6 0
github.com/fractalplatform/fractal/sdk/account.go:349.2,352.13 4 0
github.com/fractalplatform/fractal/sdk/account.go:359.2,360.16 2 0
github.com/fractalplatform/fractal/sdk/account.go:363.2,363.13 1 0
github.com/fractalplatform/fractal/sdk/account.go:375.2,375.33 1 0
github.com/fractalplatform/fractal/sdk/account.go:378.2,378.8 1 0
github.com/fractalplatform/fractal/sdk/account.go:333.29,335.17 2 0
github.com/fractalplatform/fractal/sdk/account.go:335.17,337.4 1 0
github.com/fractalplatform/fractal/sdk/account.go:346.16,348.3 1 0
github.com/fractalplatform/fractal/sdk/account.go:352.13,355.17 2 0
github.com/fractalplatform/fractal/sdk/account.go:355.17,357.4 1 0
github.com/fractalplatform/fractal/sdk/account.go:360.16,362.3 1 0
github.com/fractalplatform/fractal/sdk/account.go:363.13,366.17 2 0
github.com/fractalplatform/fractal/sdk/account.go:369.3,370.17 2 0
github.com/fractalplatform/fractal/sdk/account.go:366.17,368.4 1 0
github.com/fractalplatform/fractal/sdk/account.go:370.17,372.4 1 0
github.com/fractalplatform/fractal/sdk/account.go:375.33,377.3 1 0
github.com/fractalplatform/fractal/sdk/account.go:382.152,384.29 2 0
github.com/fractalplatform/fractal/sdk/account.go:391.2,397.16 6 0
github.com/fractalplatform/fractal/sdk/account.go:400.2,403.13 4 0
github.com/fractalplatform/fractal/sdk/account.go:410.2,411.16 2 0
github.com/fractalplatform/fractal/sdk/account.go:414.2,414.13 1 0
github.com/fractalplatform/fractal/sdk/account.go:426.2,426.33 1 0
github.com/fractalplatform/fractal/sdk/account.go:429.2,429.8 1 0
github.com/fractalplatform/fractal/sdk/account.go:384.29,386.17 2 0
github.com/fractalplatform/fractal/sdk/account.go:386.17,388.4 1 0
github.com/fractalplatform/fractal/sdk/account.go:397.16,399.3 1 0
github.com/fractalplatform/fractal/sdk/account.go:403.13,406.17 2 0
github.com/fractalplatform/fractal/sdk/account.go:406.17,408.4 1 0
github.com/fractalplatform/fractal/sdk/account.go:411.16,413.3 1 0
github.com/fractalplatform/fractal/sdk/account.go:414.13,417.17 2 0
github.com/fractalplatform/fractal/sdk/account.go:420.3,421.17 2 0
github.com/fractalplatform/fractal/sdk/account.go:417.17,419.4 1 0
github.com/fractalplatform/fractal/sdk/account.go:421.17,423.4 1 0
github.com/fractalplatform/fractal/sdk/account.go:426.33,428.3 1 0
github.com/fractalplatform/fractal/sdk/account.go:433.119,435.29 2 0
github.com/fractalplatform/fractal/sdk/account.go:442.2,447.16 5 0
github.com/fractalplatform/fractal/sdk/account.go:450.2,453.13 4 0
github.com/fractalplatform/fractal/sdk/account.go:460.2,461.16 2 0
github.com/fractalplatform/fractal/sdk/account.go:464.2,464.13 1 0
github.com/fractalplatform/fractal/sdk/account.go:476.2,476.33 1 0
github.com/fractalplatform/fractal/sdk/account.go:479.2,479.8 1 0
github.com/fractalplatform/fractal/sdk/account.go:435.29,437.17 2 0
github.com/fractalplatform/fractal/sdk/account.go:437.17,439.4 1 0
github.com/fractalplatform/fractal/sdk/account.go:447.16,449.3 1 0
github.com/fractalplatform/fractal/sdk/account.go:453.13,456.17 2 0
github.com/fractalplatform/fractal/sdk/account.go:456.17,458.4 1 0
github.com/fractalplatform/fractal/sdk/account.go:461.16,463.3 1 0
github.com/fractalplatform/fractal/sdk/account.go:464.13,467.17 2 0
github.com/fractalplatform/fractal/sdk/account.go:470.3,471.17 2 0
github.com/fractalplatform/fractal/sdk/account.go:467.17,469.4 1 0
github.com/fractalplatform/fractal/sdk/account.go:471.17,473.4 1 0
github.com/fractalplatform/fractal/sdk/account.go:476.33,478.3 1 0
github.com/fractalplatform/fractal/sdk/account.go:483.160,485.29 2 0
github.com/fractalplatform/fractal/sdk/account.go:492.2,498.16 6 0
github.com/fractalplatform/fractal/sdk/account.go:501.2,504.13 4 0
github.com/fractalplatform/fractal/sdk/account.go:511.2,512.16 2 0
github.com/fractalplatform/fractal/sdk/account.go:515.2,515.13 1 0
github.com/fractalplatform/fractal/sdk/account.go:527.2,527.33 1 0
github.com/fractalplatform/fractal/sdk/account.go:530.2,530.8 1 0
github.com/fractalplatform/fractal/sdk/account.go:485.29,487.17 2 0
github.com/fractalplatform/fractal/sdk/account.go:487.17,489.4 1 0
github.com/fractalplatform/fractal/sdk/account.go:498.16,500.3 1 0
github.com/fractalplatform/fractal/sdk/account.go:504.13,507.17 2 0
github.com/fractalplatform/fractal/sdk/account.go:507.17,509.4 1 0
github.com/fractalplatform/fractal/sdk/account.go:512.16,514.3 1 0
github.com/fractalplatform/fractal/sdk/account.go:515.13,518.17 2 0
github.com/fractalplatform/fractal/sdk/account.go:521.3,522.17 2 0
github.com/fractalplatform/fractal/sdk/account.go:518.17,520.4 1 0
github.com/fractalplatform/fractal/sdk/account.go:522.17,524.4 1 0
github.com/fractalplatform/fractal/sdk/account.go:527.33,529.3 1 0
github.com/fractalplatform/fractal/sdk/account.go:534.148,536.29 2 0
github.com/fractalplatform/fractal/sdk/account.go:543.2,549.16 6 0
github.com/fractalplatform/fractal/sdk/account.go:552.2,555.13 4 0
github.com/fractalplatform/fractal/sdk/account.go:562.2,563.16 2 0
github.com/fractalplatform/fractal/sdk/account.go:566.2,566.13 1 0
github.com/fractalplatform/fractal/sdk/account.go:578.2,578.33 1 0
github.com/fractalplatform/fractal/sdk/account.go:581.2,581.8 1 0
github.com/fractalplatform/fractal/sdk/account.go:536.29,538.17 2 0
github.com/fractalplatform/fractal/sdk/account.go:538.17,540.4 1 0
github.com/fractalplatform/fractal/sdk/account.go:549.16,551.3 1 0
github.com/fractalplatform/fractal/sdk/account.go:555.13,558.17 2 0
github.com/fractalplatform/fractal/sdk/account.go:558.17,560.4 1 0
github.com/fractalplatform/fractal/sdk/account.go:563.16,565.3 1 0
github.com/fractalplatform/fractal/sdk/account.go:566.13,569.17 2 0
github.com/fractalplatform/fractal/sdk/account.go:572.3,573.17 2 0
github.com/fractalplatform/fractal/sdk/account.go:569.17,571.4 1 0
github.com/fractalplatform/fractal/sdk/account.go:573.17,575.4 1 0
github.com/fractalplatform/fractal/sdk/account.go:578.33,580.3 1 0
github.com/fractalplatform/fractal/sdk/account.go:585.149,587.29 2 0
github.com/fractalplatform/fractal/sdk/account.go:594.2,600.16 6 0
github.com/fractalplatform/fractal/sdk/account.go:603.2,606.13 4 0
github.com/fractalplatform/fractal/sdk/account.go:613.2,614.16 2 0
github.com/fractalplatform/fractal/sdk/account.go:617.2,617.13 1 0
github.com/fractalplatform/fractal/sdk/account.go:629.2,629.33 1 0
github.com/fractalplatform/fractal/sdk/account.go:632.2,632.8 1 0
github.com/fractalplatform/fractal/sdk/account.go:587.29,589.17 2 0
github.com/fractalplatform/fractal/sdk/account.go:589.17,591.4 1 0
github.com/fractalplatform/fractal/sdk/account.go:600.16,602.3 1 0
github.com/fractalplatform/fractal/sdk/account.go:606.13,609.17 2 0
github.com/fractalplatform/fractal/sdk/account.go:609.17,611.4 1 0
github.com/fractalplatform/fractal/sdk/account.go:614.16,616.3 1 0
github.com/fractalplatform/fractal/sdk/account.go:617.13,620.17 2 0
github.com/fractalplatform/fractal/sdk/account.go:623.3,624.17 2 0
github.com/fractalplatform/fractal/sdk/account.go:620.17,622.4 1 0
github.com/fractalplatform/fractal/sdk/account.go:624.17,626.4 1 0
github.com/fractalplatform/fractal/sdk/account.go:629.33,631.3 1 0
github.com/fractalplatform/fractal/sdk/account.go:636.121,638.29 2 0
github.com/fractalplatform/fractal/sdk/account.go:645.2,650.16 5 0
github.com/fractalplatform/fractal/sdk/account.go:653.2,656.13 4 0
github.com/fractalplatform/fractal/sdk/account.go:663.2,664.16 2 0
github.com/fractalplatform/fractal/sdk/account.go:667.2,667.13 1 0
github.com/fractalplatform/fractal/sdk/account.go:679.2,679.33 1 0
github.com/fractalplatform/fractal/sdk/account.go:682.2,682.8 1 0
github.com/fractalplatform/fractal/sdk/account.go:638.29,640.17 2 0
github.com/fractalplatform/fractal/sdk/account.go:640.17,642.4 1 0
github.com/fractalplatform/fractal/sdk/account.go:650.16,651.13 1 0
github.com/fractalplatform/fractal/sdk/account.go:656.13,659.17 2 0
github.com/fractalplatform/fractal/sdk/account.go:659.17,661.4 1 0
github.com/fractalplatform/fractal/sdk/account.go:664.16,666.3 1 0
github.com/fractalplatform/fractal/sdk/account.go:667.13,670.17 2 0
github.com/fractalplatform/fractal/sdk/account.go:673.3,674.17 2 0
github.com/fractalplatform/fractal/sdk/account.go:670.17,672.4 1 0
github.com/fractalplatform/fractal/sdk/account.go:674.17,676.4 1 0
github.com/fractalplatform/fractal/sdk/account.go:679.33,681.3 1 0
github.com/fractalplatform/fractal/sdk/account.go:686.122,688.29 2 0
github.com/fractalplatform/fractal/sdk/account.go:695.2,700.16 5 0
github.com/fractalplatform/fractal/sdk/account.go:703.2,706.13 4 0
github.com/fractalplatform/fractal/sdk/account.go:713.2,714.16 2 0
github.com/fractalplatform/fractal/sdk/account.go:717.2,717.13 1 0
github.com/fractalplatform/fractal/sdk/account.go:729.2,729.33 1 0
github.com/fractalplatform/fractal/sdk/account.go:732.2,732.8 1 0
github.com/fractalplatform/fractal/sdk/account.go:688.29,690.17 2 0
github.com/fractalplatform/fractal/sdk/account.go:690.17,692.4 1 0
github.com/fractalplatform/fractal/sdk/account.go:700.16,701.13 1 0
github.com/fractalplatform/fractal/sdk/account.go:706.13,709.17 2 0
github.com/fractalplatform/fractal/sdk/account.go:709.17,711.4 1 0
github.com/fractalplatform/fractal/sdk/account.go:714.16,716.3 1 0
github.com/fractalplatform/fractal/sdk/account.go:717.13,720.17 2 0
github.com/fractalplatform/fractal/sdk/account.go:723.3,724.17 2 0
github.com/fractalplatform/fractal/sdk/account.go:720.17,722.4 1 0
github.com/fractalplatform/fractal/sdk/account.go:724.17,726.4 1 0
github.com/fractalplatform/fractal/sdk/account.go:729.33,731.3 1 0
github.com/fractalplatform/fractal/sdk/account.go:736.145,738.29 2 0
github.com/fractalplatform/fractal/sdk/account.go:745.2,751.16 6 0
github.com/fractalplatform/fractal/sdk/account.go:754.2,757.13 4 0
github.com/fractalplatform/fractal/sdk/account.go:764.2,765.16 2 0
github.com/fractalplatform/fractal/sdk/account.go:768.2,768.13 1 0
github.com/fractalplatform/fractal/sdk/account.go:780.2,780.33 1 0
github.com/fractalplatform/fractal/sdk/account.go:783.2,783.8 1 0
github.com/fractalplatform/fractal/sdk/account.go:738.29,740.17 2 0
github.com/fractalplatform/fractal/sdk/account.go:740.17,742.4 1 0
github.com/fractalplatform/fractal/sdk/account.go:751.16,752.13 1 0
github.com/fractalplatform/fractal/sdk/account.go:757.13,760.17 2 0
github.com/fractalplatform/fractal/sdk/account.go:760.17,762.4 1 0
github.com/fractalplatform/fractal/sdk/account.go:765.16,767.3 1 0
github.com/fractalplatform/fractal/sdk/account.go:768.13,771.17 2 0
github.com/fractalplatform/fractal/sdk/account.go:774.3,775.17 2 0
github.com/fractalplatform/fractal/sdk/account.go:771.17,773.4 1 0
github.com/fractalplatform/fractal/sdk/account.go:775.17,777.4 1 0
github.com/fractalplatform/fractal/sdk/account.go:780.33,782.3 1 0
github.com/fractalplatform/fractal/sdk/account.go:787.149,789.29 2 0
github.com/fractalplatform/fractal/sdk/account.go:796.2,802.16 6 0
github.com/fractalplatform/fractal/sdk/account.go:805.2,808.13 4 0
github.com/fractalplatform/fractal/sdk/account.go:815.2,816.16 2 0
github.com/fractalplatform/fractal/sdk/account.go:819.2,819.13 1 0
github.com/fractalplatform/fractal/sdk/account.go:831.2,831.33 1 0
github.com/fractalplatform/fractal/sdk/account.go:834.2,834.8 1 0
github.com/fractalplatform/fractal/sdk/account.go:789.29,791.17 2 0
github.com/fractalplatform/fractal/sdk/account.go:791.17,793.4 1 0
github.com/fractalplatform/fractal/sdk/account.go:802.16,804.3 1 0
github.com/fractalplatform/fractal/sdk/account.go:808.13,811.17 2 0
github.com/fractalplatform/fractal/sdk/account.go:811.17,813.4 1 0
github.com/fractalplatform/fractal/sdk/account.go:816.16,818.3 1 0
github.com/fractalplatform/fractal/sdk/account.go:819.13,822.17 2 0
github.com/fractalplatform/fractal/sdk/account.go:825.3,826.17 2 0
github.com/fractalplatform/fractal/sdk/account.go:822.17,824.4 1 0
github.com/fractalplatform/fractal/sdk/account.go:826.17,828.4 1 0
github.com/fractalplatform/fractal/sdk/account.go:831.33,833.3 1 0
github.com/fractalplatform/fractal/sdk/account.go:838.119,840.29 2 0
github.com/fractalplatform/fractal/sdk/account.go:847.2,851.16 5 0
github.com/fractalplatform/fractal/sdk/account.go:854.2,857.13 4 0
github.com/fractalplatform/fractal/sdk/account.go:864.2,865.16 2 0
github.com/fractalplatform/fractal/sdk/account.go:868.2,868.13 1 0
github.com/fractalplatform/fractal/sdk/account.go:880.2,880.33 1 0
github.com/fractalplatform/fractal/sdk/account.go:883.2,883.8 1 0
github.com/fractalplatform/fractal/sdk/account.go:840.29,842.17 2 0
github.com/fractalplatform/fractal/sdk/account.go:842.17,844.4 1 0
github.com/fractalplatform/fractal/sdk/account.go:851.16,853.3 1 0
github.com/fractalplatform/fractal/sdk/account.go:857.13,860.17 2 0
github.com/fractalplatform/fractal/sdk/account.go:860.17,862.4 1 0
github.com/fractalplatform/fractal/sdk/account.go:865.16,867.3 1 0
github.com/fractalplatform/fractal/sdk/account.go:868.13,871.17 2 0
github.com/fractalplatform/fractal/sdk/account.go:874.3,875.17 2 0
github.com/fractalplatform/fractal/sdk/account.go:871.17,873.4 1 0
github.com/fractalplatform/fractal/sdk/account.go:875.17,877.4 1 0
github.com/fractalplatform/fractal/sdk/account.go:880.33,882.3 1 0
github.com/fractalplatform/fractal/sdk/account.go:887.103,889.16 2 0
github.com/fractalplatform/fractal/sdk/account.go:893.2,899.16 7 0
github.com/fractalplatform/fractal/sdk/account.go:903.2,906.16 3 0
github.com/fractalplatform/fractal/sdk/account.go:909.2,909.17 1 0
github.com/fractalplatform/fractal/sdk/account.go:916.2,916.8 1 0
github.com/fractalplatform/fractal/sdk/account.go:889.16,891.3 1 0
github.com/fractalplatform/fractal/sdk/account.go:899.16,901.3 1 0
github.com/fractalplatform/fractal/sdk/account.go:906.16,908.3 1 0
github.com/fractalplatform/fractal/sdk/account.go:909.17,912.17 2 0
github.com/fractalplatform/fractal/sdk/account.go:912.17,914.4 1 0
github.com/fractalplatform/fractal/sdk/account.go:920.101,922.16 2 0
github.com/fractalplatform/fractal/sdk/account.go:926.2,933.16 7 0
github.com/fractalplatform/fractal/sdk/account.go:937.2,938.16 2 0
github.com/fractalplatform/fractal/sdk/account.go:942.2,944.16 3 0
github.com/fractalplatform/fractal/sdk/account.go:947.2,947.13 1 0
github.com/fractalplatform/fractal/sdk/account.go:955.2,955.33 1 0
github.com/fractalplatform/fractal/sdk/account.go:958.2,958.8 1 0
github.com/fractalplatform/fractal/sdk/account.go:922.16,924.3 1 0
github.com/fractalplatform/fractal/sdk/account.go:933.16,935.3 1 0
github.com/fractalplatform/fractal/sdk/account.go:938.16,940.3 1 0
github.com/fractalplatform/fractal/sdk/account.go:944.16,946.3 1 0
github.com/fractalplatform/fractal/sdk/account.go:947.13,950.17 2 0
github.com/fractalplatform/fractal/sdk/account.go:950.17,952.4 1 0
github.com/fractalplatform/fractal/sdk/account.go:955.33,957.3 1 0
github.com/fractalplatform/fractal/sdk/account.go:961.82,964.16 3 0
github.com/fractalplatform/fractal/sdk/account.go:968.2,970.16 3 0
github.com/fractalplatform/fractal/sdk/account.go:974.2,975.16 2 0
github.com/fractalplatform/fractal/sdk/account.go:979.2,979.37 1 0
github.com/fractalplatform/fractal/sdk/account.go:964.16,967.3 2 0
github.com/fractalplatform/fractal/sdk/account.go:970.16,973.3 2 0
github.com/fractalplatform/fractal/sdk/account.go:975.16,978.3 2 0
github.com/fractalplatform/fractal/sdk/account.go:982.78,984.16 2 0
github.com/fractalplatform/fractal/sdk/account.go:987.2,989.16 3 0
github.com/fractalplatform/fractal/sdk/account.go:992.2,993.24 2 0
github.com/fractalplatform/fractal/sdk/account.go:984.16,986.3 1 0
github.com/fractalplatform/fractal/sdk/account.go:989.16,991.3 1 0
github.com/fractalplatform/fractal/sdk/account.go:996.71,998.16 2 0
github.com/fractalplatform/fractal/sdk/account.go:1001.2,1001.47 1 0
github.com/fractalplatform/fractal/sdk/account.go:998.16,1000.3 1 0
github.com/fractalplatform/fractal/sdk/account.go:1004.114,1006.16 2 0
github.com/fractalplatform/fractal/sdk/account.go:1009.2,1009.50 1 0
github.com/fractalplatform/fractal/sdk/account.go:1006.16,1008.3 1 0
github.com/fractalplatform/fractal/sdk/account.go:1012.118,1014.16 2 0
github.com/fractalplatform/fractal/sdk/account.go:1017.2,1017.50 1 0
github.com/fractalplatform/fractal/sdk/account.go:1014.16,1016.3 1 0
github.com/fractalplatform/fractal/sdk/account.go:1020.102,1022.16 2 0
github.com/fractalplatform/fractal/sdk/account.go:1025.2,1025.48 1 0
github.com/fractalplatform/fractal/sdk/account.go:1022.16,1024.3 1 0
github.com/fractalplatform/fractal/sdk/account.go:1028.80,1030.16 2 0
github.com/fractalplatform/fractal/sdk/account.go:1033.2,1033.49 1 0
github.com/fractalplatform/fractal/sdk/account.go:1030.16,1032.3 1 0
github.com/fractalplatform/fractal/sdk/accountck.go:27.72,31.6 4 1
github.com/fractalplatform/fractal/sdk/accountck.go:31.6,32.10 1 10
github.com/fractalplatform/fractal/sdk/accountck.go:33.19,35.37 2 10
github.com/fractalplatform/fractal/sdk/accountck.go:41.4,42.16 2 10
github.com/fractalplatform/fractal/sdk/accountck.go:35.37,36.42 1 0
github.com/fractalplatform/fractal/sdk/accountck.go:39.5,39.15 1 0
github.com/fractalplatform/fractal/sdk/accountck.go:36.42,38.6 1 0
github.com/fractalplatform/fractal/sdk/accountck.go:42.16,44.5 1 1
github.com/fractalplatform/fractal/sdk/accountck.go:49.84,50.27 1 2
github.com/fractalplatform/fractal/sdk/accountck.go:53.2,53.22 1 2
github.com/fractalplatform/fractal/sdk/accountck.go:50.27,52.3 1 0
github.com/fractalplatform/fractal/sdk/accountck.go:56.84,57.27 1 0
github.com/fractalplatform/fractal/sdk/accountck.go:60.2,60.22 1 0
github.com/fractalplatform/fractal/sdk/accountck.go:57.27,59.3 1 0
github.com/fractalplatform/fractal/sdk/accountck.go:63.78,65.27 1 1
github.com/fractalplatform/fractal/sdk/accountck.go:68.2,68.22 1 1
github.com/fractalplatform/fractal/sdk/accountck.go:65.27,67.3 1 0
github.com/fractalplatform/fractal/sdk/accountck.go:71.81,73.27 1 1
github.com/fractalplatform/fractal/sdk/accountck.go:76.2,76.22 1 1
github.com/fractalplatform/fractal/sdk/accountck.go:73.27,75.3 1 0
github.com/fractalplatform/fractal/sdk/accountck.go:79.82,81.27 1 0
github.com/fractalplatform/fractal/sdk/accountck.go:84.2,84.22 1 0
github.com/fractalplatform/fractal/sdk/accountck.go:81.27,83.3 1 0
github.com/fractalplatform/fractal/sdk/accountck.go:87.83,89.27 1 0
github.com/fractalplatform/fractal/sdk/accountck.go:92.2,92.22 1 0
github.com/fractalplatform/fractal/sdk/accountck.go:89.27,91.3 1 0
github.com/fractalplatform/fractal/sdk/accountck.go:95.84,97.27 1 0
github.com/fractalplatform/fractal/sdk/accountck.go:100.2,100.22 1 0
github.com/fractalplatform/fractal/sdk/accountck.go:97.27,99.3 1 0
github.com/fractalplatform/fractal/sdk/accountck.go:103.84,105.27 1 0
github.com/fractalplatform/fractal/sdk/accountck.go:108.2,108.22 1 0
github.com/fractalplatform/fractal/sdk/accountck.go:105.27,107.3 1 0
github.com/fractalplatform/fractal/sdk/accountck.go:111.82,113.27 1 0
github.com/fractalplatform/fractal/sdk/accountck.go:116.2,116.22 1 0
github.com/fractalplatform/fractal/sdk/accountck.go:113.27,115.3 1 0
github.com/fractalplatform/fractal/sdk/accountck.go:119.85,121.27 1 0
github.com/fractalplatform/fractal/sdk/accountck.go:124.2,124.22 1 0
github.com/fractalplatform/fractal/sdk/accountck.go:121.27,123.3 1 0
github.com/fractalplatform/fractal/sdk/accountck.go:127.84,129.27 1 0
github.com/fractalplatform/fractal/sdk/accountck.go:132.2,132.22 1 0
github.com/fractalplatform/fractal/sdk/accountck.go:129.27,131.3 1 0
github.com/fractalplatform/fractal/sdk/accountck.go:135.85,137.27 1 0
github.com/fractalplatform/fractal/sdk/accountck.go:140.2,140.22 1 0
github.com/fractalplatform/fractal/sdk/accountck.go:137.27,139.3 1 0
github.com/fractalplatform/fractal/sdk/accountck.go:143.83,145.27 1 0
github.com/fractalplatform/fractal/sdk/accountck.go:148.2,148.22 1 0
github.com/fractalplatform/fractal/sdk/accountck.go:145.27,147.3 1 0
github.com/fractalplatform/fractal/sdk/accountck.go:151.85,153.27 1 0
github.com/fractalplatform/fractal/sdk/accountck.go:156.2,156.22 1 0
github.com/fractalplatform/fractal/sdk/accountck.go:153.27,155.3 1 0
github.com/fractalplatform/fractal/sdk/api.go:32.34,34.16 2 1
github.com/fractalplatform/fractal/sdk/api.go:37.2,40.12 4 1
github.com/fractalplatform/fractal/sdk/api.go:34.16,35.58 1 0
github.com/fractalplatform/fractal/sdk/api_account.go:27.59,31.2 3 1
github.com/fractalplatform/fractal/sdk/api_account.go:34.75,38.2 3 1
github.com/fractalplatform/fractal/sdk/api_account.go:41.77,45.2 3 0
github.com/fractalplatform/fractal/sdk/api_account.go:48.58,52.2 3 1
github.com/fractalplatform/fractal/sdk/api_account.go:55.59,59.2 3 7
github.com/fractalplatform/fractal/sdk/api_account.go:62.74,66.2 3 5
github.com/fractalplatform/fractal/sdk/api_account.go:69.70,73.2 3 1
github.com/fractalplatform/fractal/sdk/api_account.go:76.91,80.2 3 1
github.com/fractalplatform/fractal/sdk/api_dpos.go:22.60,26.2 3 1
github.com/fractalplatform/fractal/sdk/api_dpos.go:29.68,33.2 3 1
github.com/fractalplatform/fractal/sdk/api_dpos.go:36.75,40.2 3 1
github.com/fractalplatform/fractal/sdk/api_dpos.go:43.58,47.2 3 1
github.com/fractalplatform/fractal/sdk/api_dpos.go:50.61,54.2 3 1
github.com/fractalplatform/fractal/sdk/api_dpos.go:57.61,61.2 3 0
github.com/fractalplatform/fractal/sdk/api_dpos.go:64.83,68.2 3 1
github.com/fractalplatform/fractal/sdk/api_dpos.go:71.66,75.2 3 1
github.com/fractalplatform/fractal/sdk/api_dpos.go:78.93,82.2 3 1
github.com/fractalplatform/fractal/sdk/api_dpos.go:85.90,89.2 3 1
github.com/fractalplatform/fractal/sdk/api_dpos.go:92.116,96.2 3 1
github.com/fractalplatform/fractal/sdk/api_dpos.go:99.97,103.2 3 1
github.com/fractalplatform/fractal/sdk/api_dpos.go:106.81,110.2 3 0
github.com/fractalplatform/fractal/sdk/api_dpos.go:113.80,117.2 3 1
github.com/fractalplatform/fractal/sdk/api_fee.go:22.89,26.2 3 1
github.com/fractalplatform/fractal/sdk/api_fee.go:29.112,33.2 3 1
